<?xml version="1.0" encoding="UTF-8"?>
<testsuite name="com.example.firstservice.FirstServiceApplicationTests" tests="1" skipped="0" failures="0" errors="0" timestamp="2024-11-19T07:26:29" hostname="LeeKyoungminui-MacBookPro.local" time="0.385">
  <properties/>
  <testcase name="contextLoads()" classname="com.example.firstservice.FirstServiceApplicationTests" time="0.385"/>
  <system-out><![CDATA[16:26:28.864 [Test worker] INFO org.springframework.test.context.support.AnnotationConfigContextLoaderUtils -- Could not detect default configuration classes for test class [com.example.firstservice.FirstServiceApplicationTests]: FirstServiceApplicationTests does not declare any static, non-private, non-final, nested classes annotated with @Configuration.
16:26:28.904 [Test worker] INFO org.springframework.boot.test.context.SpringBootTestContextBootstrapper -- Found @SpringBootConfiguration com.example.firstservice.FirstServiceApplication for test class com.example.firstservice.FirstServiceApplicationTests

  .   ____          _            __ _ _
 /\\ / ___'_ __ _ _(_)_ __  __ _ \ \ \ \
( ( )\___ | '_ | '_| | '_ \/ _` | \ \ \ \
 \\/  ___)| |_)| | | | | || (_| |  ) ) ) )
  '  |____| .__|_| |_|_| |_\__, | / / / /
 =========|_|==============|___/=/_/_/_/
 :: Spring Boot ::               (v3.2.11)

2024-11-19T16:26:29.080+09:00  INFO 29909 --- [first-service] [    Test worker] c.e.f.FirstServiceApplicationTests       : Starting FirstServiceApplicationTests using Java 17.0.10 with PID 29909 (started by stephen in /Users/stephen/Desktop/develop/orderservice-msa/first-service)
2024-11-19T16:26:29.081+09:00  INFO 29909 --- [first-service] [    Test worker] c.e.f.FirstServiceApplicationTests       : No active profile set, falling back to 1 default profile: "default"
2024-11-19T16:26:29.382+09:00  INFO 29909 --- [first-service] [    Test worker] o.s.cloud.context.scope.GenericScope     : BeanFactory id=c5bcb255-bb42-3609-83d9-e31138efcaf7
2024-11-19T16:26:29.413+09:00  WARN 29909 --- [first-service] [    Test worker] trationDelegate$BeanPostProcessorChecker : Bean 'org.springframework.cloud.client.loadbalancer.LoadBalancerAutoConfiguration$DeferringLoadBalancerInterceptorConfig' of type [org.springframework.cloud.client.loadbalancer.LoadBalancerAutoConfiguration$DeferringLoadBalancerInterceptorConfig] is not eligible for getting processed by all BeanPostProcessors (for example: not eligible for auto-proxying). The currently created BeanPostProcessor [lbRestClientPostProcessor] is declared through a non-static factory method on that class; consider declaring it as static instead.
2024-11-19T16:26:29.415+09:00  WARN 29909 --- [first-service] [    Test worker] trationDelegate$BeanPostProcessorChecker : Bean 'deferringLoadBalancerInterceptor' of type [org.springframework.cloud.client.loadbalancer.DeferringLoadBalancerInterceptor] is not eligible for getting processed by all BeanPostProcessors (for example: not eligible for auto-proxying). Is this bean getting eagerly injected/applied to a currently created BeanPostProcessor [lbRestClientPostProcessor]? Check the corresponding BeanPostProcessor declaration and its dependencies/advisors. If this bean does not have to be post-processed, declare it with ROLE_INFRASTRUCTURE.
2024-11-19T16:26:29.673+09:00  INFO 29909 --- [first-service] [    Test worker] DiscoveryClientOptionalArgsConfiguration : Eureka HTTP Client uses RestTemplate.
2024-11-19T16:26:29.688+09:00  WARN 29909 --- [first-service] [    Test worker] iguration$LoadBalancerCaffeineWarnLogger : Spring Cloud LoadBalancer is currently working with the default cache. While this cache implementation is useful for development and tests, it's recommended to use Caffeine cache in production.You can switch to using Caffeine cache, by adding it and org.springframework.cache.caffeine.CaffeineCacheManager to the classpath.
2024-11-19T16:26:29.698+09:00  INFO 29909 --- [first-service] [    Test worker] o.s.c.n.eureka.InstanceInfoFactory       : Setting initial instance status as: STARTING
2024-11-19T16:26:29.709+09:00  INFO 29909 --- [first-service] [    Test worker] com.netflix.discovery.DiscoveryClient    : Initializing Eureka in region us-east-1
2024-11-19T16:26:29.711+09:00  INFO 29909 --- [first-service] [    Test worker] c.n.d.s.r.aws.ConfigClusterResolver      : Resolving eureka endpoints via configuration
2024-11-19T16:26:29.715+09:00  INFO 29909 --- [first-service] [    Test worker] com.netflix.discovery.DiscoveryClient    : Disable delta property : false
2024-11-19T16:26:29.715+09:00  INFO 29909 --- [first-service] [    Test worker] com.netflix.discovery.DiscoveryClient    : Single vip registry refresh property : null
2024-11-19T16:26:29.715+09:00  INFO 29909 --- [first-service] [    Test worker] com.netflix.discovery.DiscoveryClient    : Force full registry fetch : false
2024-11-19T16:26:29.715+09:00  INFO 29909 --- [first-service] [    Test worker] com.netflix.discovery.DiscoveryClient    : Application is null : false
2024-11-19T16:26:29.715+09:00  INFO 29909 --- [first-service] [    Test worker] com.netflix.discovery.DiscoveryClient    : Registered Applications size is zero : true
2024-11-19T16:26:29.715+09:00  INFO 29909 --- [first-service] [    Test worker] com.netflix.discovery.DiscoveryClient    : Application version is -1: true
2024-11-19T16:26:29.715+09:00  INFO 29909 --- [first-service] [    Test worker] com.netflix.discovery.DiscoveryClient    : Getting all instance registry info from the eureka server
2024-11-19T16:26:29.896+09:00  INFO 29909 --- [first-service] [    Test worker] com.netflix.discovery.DiscoveryClient    : The response status is 200
2024-11-19T16:26:29.897+09:00  INFO 29909 --- [first-service] [    Test worker] com.netflix.discovery.DiscoveryClient    : Starting heartbeat executor: renew interval is: 30
2024-11-19T16:26:29.897+09:00  INFO 29909 --- [first-service] [    Test worker] c.n.discovery.InstanceInfoReplicator     : InstanceInfoReplicator onDemand update allowed rate per min is 4
2024-11-19T16:26:29.898+09:00  INFO 29909 --- [first-service] [    Test worker] com.netflix.discovery.DiscoveryClient    : Discovery Client initialized at timestamp 1732001189898 with initial instances count: 1
2024-11-19T16:26:29.900+09:00  INFO 29909 --- [first-service] [    Test worker] o.s.c.n.e.s.EurekaServiceRegistry        : Registering application FIRST-SERVICE with eureka with status UP
2024-11-19T16:26:29.900+09:00  INFO 29909 --- [first-service] [    Test worker] com.netflix.discovery.DiscoveryClient    : Saw local status change event StatusChangeEvent [timestamp=1732001189900, current=UP, previous=STARTING]
2024-11-19T16:26:29.901+09:00  INFO 29909 --- [first-service] [foReplicator-%d] com.netflix.discovery.DiscoveryClient    : DiscoveryClient_FIRST-SERVICE/192.168.0.199:first-service:8282: registering service...
2024-11-19T16:26:29.912+09:00  INFO 29909 --- [first-service] [    Test worker] c.e.f.FirstServiceApplicationTests       : Started FirstServiceApplicationTests in 0.95 seconds (process running for 1.406)
2024-11-19T16:26:29.919+09:00  INFO 29909 --- [first-service] [foReplicator-%d] com.netflix.discovery.DiscoveryClient    : DiscoveryClient_FIRST-SERVICE/192.168.0.199:first-service:8282 - registration status: 204
]]></system-out>
  <system-err><![CDATA[]]></system-err>
</testsuite>
